0 info it worked if it ends with ok
1 verbose cli [ 'node',
1 verbose cli   '/usr/local/bin/npm',
1 verbose cli   'install',
1 verbose cli   '--global',
1 verbose cli   'npm@latest' ]
2 info using npm@1.4.23
3 info using node@v0.10.31
4 verbose cache add [ 'npm@latest', null ]
5 verbose cache add name=undefined spec="npm@latest" args=["npm@latest",null]
6 verbose parsed url { protocol: null,
6 verbose parsed url   slashes: null,
6 verbose parsed url   auth: null,
6 verbose parsed url   host: null,
6 verbose parsed url   port: null,
6 verbose parsed url   hostname: null,
6 verbose parsed url   hash: null,
6 verbose parsed url   search: null,
6 verbose parsed url   query: null,
6 verbose parsed url   pathname: 'npm@latest',
6 verbose parsed url   path: 'npm@latest',
6 verbose parsed url   href: 'npm@latest' }
7 verbose cache add name="npm" spec="latest" args=["npm","latest"]
8 verbose parsed url { protocol: null,
8 verbose parsed url   slashes: null,
8 verbose parsed url   auth: null,
8 verbose parsed url   host: null,
8 verbose parsed url   port: null,
8 verbose parsed url   hostname: null,
8 verbose parsed url   hash: null,
8 verbose parsed url   search: null,
8 verbose parsed url   query: null,
8 verbose parsed url   pathname: 'latest',
8 verbose parsed url   path: 'latest',
8 verbose parsed url   href: 'latest' }
9 verbose addNamed [ 'npm', 'latest' ]
10 verbose addNamed [ null, null ]
11 silly lockFile 588f5fcc-npm-latest npm@latest
12 verbose lock npm@latest /Users/daniel.petkevich/.npm/588f5fcc-npm-latest.lock
13 info addNameTag [ 'npm', 'latest' ]
14 verbose request where is /npm
15 verbose request registry https://registry.npmjs.org/
16 verbose request id 5d56f08b2a51f914
17 verbose url raw /npm
18 verbose url resolving [ 'https://registry.npmjs.org/', './npm' ]
19 verbose url resolved https://registry.npmjs.org/npm
20 verbose request where is https://registry.npmjs.org/npm
21 info trying registry request attempt 1 at 23:16:16
22 http GET https://registry.npmjs.org/npm
23 http 200 https://registry.npmjs.org/npm
24 silly registry.get cb [ 200,
24 silly registry.get   { date: 'Wed, 17 Sep 2014 06:16:16 GMT',
24 silly registry.get     server: 'CouchDB/1.5.0 (Erlang OTP/R16B03)',
24 silly registry.get     etag: '"7HVNZAXYY5YMG22X7130TOMFO"',
24 silly registry.get     'content-type': 'application/json',
24 silly registry.get     'cache-control': 'max-age=60',
24 silly registry.get     'content-length': '1427460',
24 silly registry.get     'accept-ranges': 'bytes',
24 silly registry.get     via: '1.1 varnish',
24 silly registry.get     age: '579',
24 silly registry.get     'x-served-by': 'cache-sjc3125-SJC',
24 silly registry.get     'x-cache': 'HIT',
24 silly registry.get     'x-cache-hits': '1',
24 silly registry.get     'x-timer': 'S1410934576.304346,VS0,VE5',
24 silly registry.get     vary: 'Accept',
24 silly registry.get     'keep-alive': 'timeout=10, max=50',
24 silly registry.get     connection: 'Keep-Alive' } ]
25 verbose addNamed [ 'npm', '1.4.27' ]
26 verbose addNamed [ '1.4.27', '1.4.27' ]
27 silly lockFile 894182a5-npm-1-4-27 npm@1.4.27
28 verbose lock npm@1.4.27 /Users/daniel.petkevich/.npm/894182a5-npm-1-4-27.lock
29 silly lockFile 4b3fb600-try-npmjs-org-npm-npm-1-4-27-tgz https://registry.npmjs.org/npm/-/npm-1.4.27.tgz
30 verbose lock https://registry.npmjs.org/npm/-/npm-1.4.27.tgz /Users/daniel.petkevich/.npm/4b3fb600-try-npmjs-org-npm-npm-1-4-27-tgz.lock
31 verbose addRemoteTarball [ 'https://registry.npmjs.org/npm/-/npm-1.4.27.tgz',
31 verbose addRemoteTarball   '5b81115c6daa0cc2714acc0c333a49e876c13b8e' ]
32 info retry fetch attempt 1 at 23:16:17
33 verbose fetch to= /var/folders/45/rh68xwf913z75lpffjqrv65hhq20s3/T/npm-11566-f00k067a/registry.npmjs.org/npm/-/npm-1.4.27.tgz
34 http GET https://registry.npmjs.org/npm/-/npm-1.4.27.tgz
35 http 200 https://registry.npmjs.org/npm/-/npm-1.4.27.tgz
36 silly lockFile 4b3fb600-try-npmjs-org-npm-npm-1-4-27-tgz https://registry.npmjs.org/npm/-/npm-1.4.27.tgz
37 silly lockFile 4b3fb600-try-npmjs-org-npm-npm-1-4-27-tgz https://registry.npmjs.org/npm/-/npm-1.4.27.tgz
38 silly lockFile 894182a5-npm-1-4-27 npm@1.4.27
39 silly lockFile 894182a5-npm-1-4-27 npm@1.4.27
40 silly lockFile 588f5fcc-npm-latest npm@latest
41 silly lockFile 588f5fcc-npm-latest npm@latest
42 silly resolved [ { version: '1.4.27',
42 silly resolved     name: 'npm',
42 silly resolved     description: 'A package manager for node',
42 silly resolved     keywords: [ 'package manager', 'modules', 'install', 'package.json' ],
42 silly resolved     preferGlobal: true,
42 silly resolved     config: { publishtest: false },
42 silly resolved     homepage: 'https://npmjs.org/doc/',
42 silly resolved     author:
42 silly resolved      { name: 'Isaac Z. Schlueter',
42 silly resolved        email: 'i@izs.me',
42 silly resolved        url: 'http://blog.izs.me' },
42 silly resolved     repository: { type: 'git', url: 'https://github.com/npm/npm' },
42 silly resolved     bugs:
42 silly resolved      { url: 'http://github.com/npm/npm/issues',
42 silly resolved        email: 'npm-@googlegroups.com' },
42 silly resolved     directories: { doc: './doc', man: './man', lib: './lib', bin: './bin' },
42 silly resolved     main: './lib/npm.js',
42 silly resolved     bin: { npm: './bin/npm-cli.js' },
42 silly resolved     dependencies:
42 silly resolved      { abbrev: '~1.0.5',
42 silly resolved        ansi: '~0.3.0',
42 silly resolved        ansicolors: '~0.3.2',
42 silly resolved        ansistyles: '~0.1.3',
42 silly resolved        archy: '0',
42 silly resolved        'block-stream': '0.0.7',
42 silly resolved        'char-spinner': '~1.0.1',
42 silly resolved        'child-process-close': '~0.1.1',
42 silly resolved        chmodr: '~0.1.0',
42 silly resolved        chownr: '0',
42 silly resolved        'cmd-shim': '2.0.0',
42 silly resolved        columnify: '~1.2.1',
42 silly resolved        editor: '~0.1.0',
42 silly resolved        fstream: '~1.0.2',
42 silly resolved        'fstream-npm': '~1.0.0',
42 silly resolved        'github-url-from-git': '~1.4.0',
42 silly resolved        'github-url-from-username-repo': '~1.0.0',
42 silly resolved        glob: '~4.0.5',
42 silly resolved        'graceful-fs': '~3.0.0',
42 silly resolved        inflight: '~1.0.1',
42 silly resolved        ini: '~1.2.0',
42 silly resolved        'init-package-json': '~1.0.0',
42 silly resolved        lockfile: '~1.0.0',
42 silly resolved        'lru-cache': '~2.5.0',
42 silly resolved        minimatch: '~1.0.0',
42 silly resolved        mkdirp: '~0.5.0',
42 silly resolved        'node-gyp': '~1.0.1',
42 silly resolved        nopt: '~3.0.1',
42 silly resolved        'npm-cache-filename': '~1.0.1',
42 silly resolved        'npm-install-checks': '~1.0.2',
42 silly resolved        'npm-registry-client': '~2.0.7',
42 silly resolved        'npm-user-validate': '~0.1.0',
42 silly resolved        npmconf: '~1.1.8',
42 silly resolved        npmlog: '~0.1.1',
42 silly resolved        once: '~1.3.0',
42 silly resolved        opener: '~1.3.0',
42 silly resolved        osenv: '~0.1.0',
42 silly resolved        'path-is-inside': '~1.0.0',
42 silly resolved        read: '~1.0.4',
42 silly resolved        'read-installed': '~2.0.5',
42 silly resolved        'read-package-json': '~1.2.7',
42 silly resolved        request: '~2.42.0',
42 silly resolved        retry: '~0.6.0',
42 silly resolved        rimraf: '~2.2.8',
42 silly resolved        semver: '~2.3.0',
42 silly resolved        sha: '~1.2.1',
42 silly resolved        slide: '~1.1.5',
42 silly resolved        'sorted-object': '~1.0.0',
42 silly resolved        tar: '~1.0.1',
42 silly resolved        'text-table': '~0.2.0',
42 silly resolved        'uid-number': '0.0.5',
42 silly resolved        which: '1' },
42 silly resolved     bundleDependencies:
42 silly resolved      [ 'abbrev',
42 silly resolved        'ansi',
42 silly resolved        'ansicolors',
42 silly resolved        'ansistyles',
42 silly resolved        'archy',
42 silly resolved        'block-stream',
42 silly resolved        'char-spinner',
42 silly resolved        'child-process-close',
42 silly resolved        'chmodr',
42 silly resolved        'chownr',
42 silly resolved        'cmd-shim',
42 silly resolved        'columnify',
42 silly resolved        'editor',
42 silly resolved        'fstream',
42 silly resolved        'fstream-npm',
42 silly resolved        'github-url-from-git',
42 silly resolved        'github-url-from-username-repo',
42 silly resolved        'glob',
42 silly resolved        'graceful-fs',
42 silly resolved        'inflight',
42 silly resolved        'inherits',
42 silly resolved        'ini',
42 silly resolved        'init-package-json',
42 silly resolved        'lockfile',
42 silly resolved        'lru-cache',
42 silly resolved        'minimatch',
42 silly resolved        'mkdirp',
42 silly resolved        'node-gyp',
42 silly resolved        'nopt',
42 silly resolved        'npm-cache-filename',
42 silly resolved        'npm-install-checks',
42 silly resolved        'npm-registry-client',
42 silly resolved        'npm-user-validate',
42 silly resolved        'npmconf',
42 silly resolved        'npmlog',
42 silly resolved        'once',
42 silly resolved        'opener',
42 silly resolved        'osenv',
42 silly resolved        'path-is-inside',
42 silly resolved        'read',
42 silly resolved        'read-installed',
42 silly resolved        'read-package-json',
42 silly resolved        'request',
42 silly resolved        'retry',
42 silly resolved        'rimraf',
42 silly resolved        'semver',
42 silly resolved        'sha',
42 silly resolved        'slide',
42 silly resolved        'sorted-object',
42 silly resolved        'tar',
42 silly resolved        'text-table',
42 silly resolved        'uid-number',
42 silly resolved        'which' ],
42 silly resolved     devDependencies:
42 silly resolved      { marked: '~0.3.2',
42 silly resolved        'npm-registry-couchapp': '~2.3.6',
42 silly resolved        'npm-registry-mock': '~0.6.3',
42 silly resolved        ronn: '~0.3.6',
42 silly resolved        tap: '~0.4.9' },
42 silly resolved     engines: { node: '>=0.8', npm: '1' },
42 silly resolved     scripts:
42 silly resolved      { 'test-legacy': 'node ./test/run.js',
42 silly resolved        test: 'tap --timeout 120 test/tap/*.js',
42 silly resolved        tap: 'tap --timeout 120 test/tap/*.js',
42 silly resolved        'test-all': 'node ./test/run.js && tap test/tap/*.js',
42 silly resolved        prepublish: 'node bin/npm-cli.js prune --prefix=. --no-global && rm -rf test/*/*/node_modules && make -j8 doc',
42 silly resolved        dumpconf: 'env | grep npm | sort | uniq' },
42 silly resolved     license: 'Artistic-2.0',
42 silly resolved     contributors:
42 silly resolved      [ [Object],
42 silly resolved        [Object],
42 silly resolved        [Object],
42 silly resolved        [Object],
42 silly resolved        [Object],
42 silly resolved        [Object],
42 silly resolved        [Object],
42 silly resolved        [Object],
42 silly resolved        [Object],
42 silly resolved        [Object],
42 silly resolved        [Object],
42 silly resolved        [Object],
42 silly resolved        [Object],
42 silly resolved        [Object],
42 silly resolved        [Object],
42 silly resolved        [Object],
42 silly resolved        [Object],
42 silly resolved        [Object],
42 silly resolved        [Object],
42 silly resolved        [Object],
42 silly resolved        [Object],
42 silly resolved        [Object],
42 silly resolved        [Object],
42 silly resolved        [Object],
42 silly resolved        [Object],
42 silly resolved        [Object],
42 silly resolved        [Object],
42 silly resolved        [Object],
42 silly resolved        [Object],
42 silly resolved        [Object],
42 silly resolved        [Object],
42 silly resolved        [Object],
42 silly resolved        [Object],
42 silly resolved        [Object],
42 silly resolved        [Object],
42 silly resolved        [Object],
42 silly resolved        [Object],
42 silly resolved        [Object],
42 silly resolved        [Object],
42 silly resolved        [Object],
42 silly resolved        [Object],
42 silly resolved        [Object],
42 silly resolved        [Object],
42 silly resolved        [Object],
42 silly resolved        [Object],
42 silly resolved        [Object],
42 silly resolved        [Object],
42 silly resolved        [Object],
42 silly resolved        [Object],
42 silly resolved        [Object],
42 silly resolved        [Object],
42 silly resolved        [Object],
42 silly resolved        [Object],
42 silly resolved        [Object],
42 silly resolved        [Object],
42 silly resolved        [Object],
42 silly resolved        [Object],
42 silly resolved        [Object],
42 silly resolved        [Object],
42 silly resolved        [Object],
42 silly resolved        [Object],
42 silly resolved        [Object],
42 silly resolved        [Object],
42 silly resolved        [Object],
42 silly resolved        [Object],
42 silly resolved        [Object],
42 silly resolved        [Object],
42 silly resolved        [Object],
42 silly resolved        [Object],
42 silly resolved        [Object],
42 silly resolved        [Object],
42 silly resolved        [Object],
42 silly resolved        [Object],
42 silly resolved        [Object],
42 silly resolved        [Object],
42 silly resolved        [Object],
42 silly resolved        [Object],
42 silly resolved        [Object],
42 silly resolved        [Object],
42 silly resolved        [Object],
42 silly resolved        [Object],
42 silly resolved        [Object],
42 silly resolved        [Object],
42 silly resolved        [Object],
42 silly resolved        [Object],
42 silly resolved        [Object],
42 silly resolved        [Object],
42 silly resolved        [Object],
42 silly resolved        [Object],
42 silly resolved        [Object],
42 silly resolved        [Object],
42 silly resolved        [Object],
42 silly resolved        [Object],
42 silly resolved        [Object],
42 silly resolved        [Object],
42 silly resolved        [Object],
42 silly resolved        [Object],
42 silly resolved        [Object],
42 silly resolved        [Object],
42 silly resolved        [Object],
42 silly resolved        [Object],
42 silly resolved        [Object],
42 silly resolved        [Object],
42 silly resolved        [Object],
42 silly resolved        [Object],
42 silly resolved        [Object],
42 silly resolved        [Object],
42 silly resolved        [Object],
42 silly resolved        [Object],
42 silly resolved        [Object],
42 silly resolved        [Object],
42 silly resolved        [Object],
42 silly resolved        [Object],
42 silly resolved        [Object],
42 silly resolved        [Object],
42 silly resolved        [Object],
42 silly resolved        [Object],
42 silly resolved        [Object],
42 silly resolved        [Object],
42 silly resolved        [Object],
42 silly resolved        [Object],
42 silly resolved        [Object],
42 silly resolved        [Object],
42 silly resolved        [Object],
42 silly resolved        [Object],
42 silly resolved        [Object],
42 silly resolved        [Object],
42 silly resolved        [Object],
42 silly resolved        [Object],
42 silly resolved        [Object],
42 silly resolved        [Object],
42 silly resolved        [Object],
42 silly resolved        [Object],
42 silly resolved        [Object],
42 silly resolved        [Object],
42 silly resolved        [Object],
42 silly resolved        [Object],
42 silly resolved        [Object],
42 silly resolved        [Object],
42 silly resolved        [Object],
42 silly resolved        [Object],
42 silly resolved        [Object],
42 silly resolved        [Object],
42 silly resolved        [Object],
42 silly resolved        [Object],
42 silly resolved        [Object],
42 silly resolved        [Object],
42 silly resolved        [Object],
42 silly resolved        [Object],
42 silly resolved        [Object],
42 silly resolved        [Object],
42 silly resolved        [Object],
42 silly resolved        [Object],
42 silly resolved        [Object],
42 silly resolved        [Object],
42 silly resolved        [Object],
42 silly resolved        [Object] ],
42 silly resolved     man:
42 silly resolved      [ '/Users/ogd/Documents/projects/npm/npm/man/man1/npm-README.1',
42 silly resolved        '/Users/ogd/Documents/projects/npm/npm/man/man1/npm-adduser.1',
42 silly resolved        '/Users/ogd/Documents/projects/npm/npm/man/man1/npm-bin.1',
42 silly resolved        '/Users/ogd/Documents/projects/npm/npm/man/man1/npm-bugs.1',
42 silly resolved        '/Users/ogd/Documents/projects/npm/npm/man/man1/npm-build.1',
42 silly resolved        '/Users/ogd/Documents/projects/npm/npm/man/man1/npm-bundle.1',
42 silly resolved        '/Users/ogd/Documents/projects/npm/npm/man/man1/npm-cache.1',
42 silly resolved        '/Users/ogd/Documents/projects/npm/npm/man/man1/npm-completion.1',
42 silly resolved        '/Users/ogd/Documents/projects/npm/npm/man/man1/npm-config.1',
42 silly resolved        '/Users/ogd/Documents/projects/npm/npm/man/man1/npm-dedupe.1',
42 silly resolved        '/Users/ogd/Documents/projects/npm/npm/man/man1/npm-deprecate.1',
42 silly resolved        '/Users/ogd/Documents/projects/npm/npm/man/man1/npm-docs.1',
42 silly resolved        '/Users/ogd/Documents/projects/npm/npm/man/man1/npm-edit.1',
42 silly resolved        '/Users/ogd/Documents/projects/npm/npm/man/man1/npm-explore.1',
42 silly resolved        '/Users/ogd/Documents/projects/npm/npm/man/man1/npm-help-search.1',
42 silly resolved        '/Users/ogd/Documents/projects/npm/npm/man/man1/npm-help.1',
42 silly resolved        '/Users/ogd/Documents/projects/npm/npm/man/man1/npm-init.1',
42 silly resolved        '/Users/ogd/Documents/projects/npm/npm/man/man1/npm-install.1',
42 silly resolved        '/Users/ogd/Documents/projects/npm/npm/man/man1/npm-link.1',
42 silly resolved        '/Users/ogd/Documents/projects/npm/npm/man/man1/npm-ls.1',
42 silly resolved        '/Users/ogd/Documents/projects/npm/npm/man/man1/npm-outdated.1',
42 silly resolved        '/Users/ogd/Documents/projects/npm/npm/man/man1/npm-owner.1',
42 silly resolved        '/Users/ogd/Documents/projects/npm/npm/man/man1/npm-pack.1',
42 silly resolved        '/Users/ogd/Documents/projects/npm/npm/man/man1/npm-prefix.1',
42 silly resolved        '/Users/ogd/Documents/projects/npm/npm/man/man1/npm-prune.1',
42 silly resolved        '/Users/ogd/Documents/projects/npm/npm/man/man1/npm-publish.1',
42 silly resolved        '/Users/ogd/Documents/projects/npm/npm/man/man1/npm-rebuild.1',
42 silly resolved        '/Users/ogd/Documents/projects/npm/npm/man/man1/npm-repo.1',
42 silly resolved        '/Users/ogd/Documents/projects/npm/npm/man/man1/npm-restart.1',
42 silly resolved        '/Users/ogd/Documents/projects/npm/npm/man/man1/npm-rm.1',
42 silly resolved        '/Users/ogd/Documents/projects/npm/npm/man/man1/npm-root.1',
42 silly resolved        '/Users/ogd/Documents/projects/npm/npm/man/man1/npm-run-script.1',
42 silly resolved        '/Users/ogd/Documents/projects/npm/npm/man/man1/npm-search.1',
42 silly resolved        '/Users/ogd/Documents/projects/npm/npm/man/man1/npm-shrinkwrap.1',
42 silly resolved        '/Users/ogd/Documents/projects/npm/npm/man/man1/npm-star.1',
42 silly resolved        '/Users/ogd/Documents/projects/npm/npm/man/man1/npm-stars.1',
42 silly resolved        '/Users/ogd/Documents/projects/npm/npm/man/man1/npm-start.1',
42 silly resolved        '/Users/ogd/Documents/projects/npm/npm/man/man1/npm-stop.1',
42 silly resolved        '/Users/ogd/Documents/projects/npm/npm/man/man1/npm-submodule.1',
42 silly resolved        '/Users/ogd/Documents/projects/npm/npm/man/man1/npm-tag.1',
42 silly resolved        '/Users/ogd/Documents/projects/npm/npm/man/man1/npm-test.1',
42 silly resolved        '/Users/ogd/Documents/projects/npm/npm/man/man1/npm-uninstall.1',
42 silly resolved        '/Users/ogd/Documents/projects/npm/npm/man/man1/npm-unpublish.1',
42 silly resolved        '/Users/ogd/Documents/projects/npm/npm/man/man1/npm-update.1',
42 silly resolved        '/Users/ogd/Documents/projects/npm/npm/man/man1/npm-version.1',
42 silly resolved        '/Users/ogd/Documents/projects/npm/npm/man/man1/npm-view.1',
42 silly resolved        '/Users/ogd/Documents/projects/npm/npm/man/man1/npm-whoami.1',
42 silly resolved        '/Users/ogd/Documents/projects/npm/npm/man/man1/npm.1',
42 silly resolved        '/Users/ogd/Documents/projects/npm/npm/man/man3/npm-bin.3',
42 silly resolved        '/Users/ogd/Documents/projects/npm/npm/man/man3/npm-bugs.3',
42 silly resolved        '/Users/ogd/Documents/projects/npm/npm/man/man3/npm-cache.3',
42 silly resolved        '/Users/ogd/Documents/projects/npm/npm/man/man3/npm-commands.3',
42 silly resolved        '/Users/ogd/Documents/projects/npm/npm/man/man3/npm-config.3',
42 silly resolved        '/Users/ogd/Documents/projects/npm/npm/man/man3/npm-deprecate.3',
42 silly resolved        '/Users/ogd/Documents/projects/npm/npm/man/man3/npm-docs.3',
42 silly resolved        '/Users/ogd/Documents/projects/npm/npm/man/man3/npm-edit.3',
42 silly resolved        '/Users/ogd/Documents/projects/npm/npm/man/man3/npm-explore.3',
42 silly resolved        '/Users/ogd/Documents/projects/npm/npm/man/man3/npm-help-search.3',
42 silly resolved        '/Users/ogd/Documents/projects/npm/npm/man/man3/npm-init.3',
42 silly resolved        '/Users/ogd/Documents/projects/npm/npm/man/man3/npm-install.3',
42 silly resolved        '/Users/ogd/Documents/projects/npm/npm/man/man3/npm-link.3',
42 silly resolved        '/Users/ogd/Documents/projects/npm/npm/man/man3/npm-load.3',
42 silly resolved        '/Users/ogd/Documents/projects/npm/npm/man/man3/npm-ls.3',
42 silly resolved        '/Users/ogd/Documents/projects/npm/npm/man/man3/npm-outdated.3',
42 silly resolved        '/Users/ogd/Documents/projects/npm/npm/man/man3/npm-owner.3',
42 silly resolved        '/Users/ogd/Documents/projects/npm/npm/man/man3/npm-pack.3',
42 silly resolved        '/Users/ogd/Documents/projects/npm/npm/man/man3/npm-prefix.3',
42 silly resolved        '/Users/ogd/Documents/projects/npm/npm/man/man3/npm-prune.3',
42 silly resolved        '/Users/ogd/Documents/projects/npm/npm/man/man3/npm-publish.3',
42 silly resolved        '/Users/ogd/Documents/projects/npm/npm/man/man3/npm-rebuild.3',
42 silly resolved        '/Users/ogd/Documents/projects/npm/npm/man/man3/npm-repo.3',
42 silly resolved        '/Users/ogd/Documents/projects/npm/npm/man/man3/npm-restart.3',
42 silly resolved        '/Users/ogd/Documents/projects/npm/npm/man/man3/npm-root.3',
42 silly resolved        '/Users/ogd/Documents/projects/npm/npm/man/man3/npm-run-script.3',
42 silly resolved        '/Users/ogd/Documents/projects/npm/npm/man/man3/npm-search.3',
42 silly resolved        '/Users/ogd/Documents/projects/npm/npm/man/man3/npm-shrinkwrap.3',
42 silly resolved        '/Users/ogd/Documents/projects/npm/npm/man/man3/npm-start.3',
42 silly resolved        '/Users/ogd/Documents/projects/npm/npm/man/man3/npm-stop.3',
42 silly resolved        '/Users/ogd/Documents/projects/npm/npm/man/man3/npm-submodule.3',
42 silly resolved        '/Users/ogd/Documents/projects/npm/npm/man/man3/npm-tag.3',
42 silly resolved        '/Users/ogd/Documents/projects/npm/npm/man/man3/npm-test.3',
42 silly resolved        '/Users/ogd/Documents/projects/npm/npm/man/man3/npm-uninstall.3',
42 silly resolved        '/Users/ogd/Documents/projects/npm/npm/man/man3/npm-unpublish.3',
42 silly resolved        '/Users/ogd/Documents/projects/npm/npm/man/man3/npm-update.3',
42 silly resolved        '/Users/ogd/Documents/projects/npm/npm/man/man3/npm-version.3',
42 silly resolved        '/Users/ogd/Documents/projects/npm/npm/man/man3/npm-view.3',
42 silly resolved        '/Users/ogd/Documents/projects/npm/npm/man/man3/npm-whoami.3',
42 silly resolved        '/Users/ogd/Documents/projects/npm/npm/man/man3/npm.3',
42 silly resolved        '/Users/ogd/Documents/projects/npm/npm/man/man5/npm-folders.5',
42 silly resolved        '/Users/ogd/Documents/projects/npm/npm/man/man5/npm-global.5',
42 silly resolved        '/Users/ogd/Documents/projects/npm/npm/man/man5/npm-json.5',
42 silly resolved        '/Users/ogd/Documents/projects/npm/npm/man/man5/npmrc.5',
42 silly resolved        '/Users/ogd/Documents/projects/npm/npm/man/man5/package.json.5',
42 silly resolved        '/Users/ogd/Documents/projects/npm/npm/man/man7/npm-coding-style.7',
42 silly resolved        '/Users/ogd/Documents/projects/npm/npm/man/man7/npm-config.7',
42 silly resolved        '/Users/ogd/Documents/projects/npm/npm/man/man7/npm-developers.7',
42 silly resolved        '/Users/ogd/Documents/projects/npm/npm/man/man7/npm-disputes.7',
42 silly resolved        '/Users/ogd/Documents/projects/npm/npm/man/man7/npm-faq.7',
42 silly resolved        '/Users/ogd/Documents/projects/npm/npm/man/man7/npm-index.7',
42 silly resolved        '/Users/ogd/Documents/projects/npm/npm/man/man7/npm-registry.7',
42 silly resolved        '/Users/ogd/Documents/projects/npm/npm/man/man7/npm-scope.7',
42 silly resolved        '/Users/ogd/Documents/projects/npm/npm/man/man7/npm-scripts.7',
42 silly resolved        '/Users/ogd/Documents/projects/npm/npm/man/man7/removing-npm.7',
42 silly resolved        '/Users/ogd/Documents/projects/npm/npm/man/man7/semver.7' ],
42 silly resolved     gitHead: '7388fa365b016873aab651a13edf2793fd773228',
42 silly resolved     _id: 'npm@1.4.27',
42 silly resolved     _shasum: '5b81115c6daa0cc2714acc0c333a49e876c13b8e',
42 silly resolved     _from: 'npm@latest',
42 silly resolved     _npmVersion: '1.4.27',
42 silly resolved     _npmUser: { name: 'othiym23', email: 'ogd@aoaioxxysz.net' },
42 silly resolved     maintainers: [ [Object], [Object] ],
42 silly resolved     dist:
42 silly resolved      { shasum: '5b81115c6daa0cc2714acc0c333a49e876c13b8e',
42 silly resolved        tarball: 'http://registry.npmjs.org/npm/-/npm-1.4.27.tgz' },
42 silly resolved     _resolved: 'https://registry.npmjs.org/npm/-/npm-1.4.27.tgz' } ]
43 info install npm@1.4.27 into /usr/local/lib
44 info installOne npm@1.4.27
45 verbose lib/node_modules/npm unbuild
46 info preuninstall npm@1.4.23
47 info uninstall npm@1.4.23
48 verbose true,/usr/local/lib/node_modules,/usr/local/lib/node_modules unbuild npm@1.4.23
49 verbose /usr/local/bin,[object Object] binRoot
50 info postuninstall npm@1.4.23
51 verbose lib/node_modules/npm unbuild
52 info preuninstall npm@1.4.23
53 info uninstall npm@1.4.23
54 verbose true,/usr/local/lib/node_modules,/usr/local/lib/node_modules unbuild npm@1.4.23
55 verbose /usr/local/bin,[object Object] binRoot
56 info postuninstall npm@1.4.23
57 error error rolling back Error: EACCES, unlink '/usr/local/lib/node_modules/npm'
57 error error rolling back  npm@1.4.27 { [Error: EACCES, unlink '/usr/local/lib/node_modules/npm']
57 error error rolling back   errno: 3,
57 error error rolling back   code: 'EACCES',
57 error error rolling back   path: '/usr/local/lib/node_modules/npm' }
58 error Error: EACCES, unlink '/usr/local/lib/node_modules/npm'
58 error  { [Error: EACCES, unlink '/usr/local/lib/node_modules/npm']
58 error   errno: 3,
58 error   code: 'EACCES',
58 error   path: '/usr/local/lib/node_modules/npm' }
59 error Please try running this command again as root/Administrator.
60 error System Darwin 13.3.0
61 error command "node" "/usr/local/bin/npm" "install" "--global" "npm@latest"
62 error cwd /Users/daniel.petkevich/Dev/mpProto
63 error node -v v0.10.31
64 error npm -v 1.4.23
65 error path /usr/local/lib/node_modules/npm
66 error code EACCES
67 error errno 3
68 error stack Error: EACCES, unlink '/usr/local/lib/node_modules/npm'
69 verbose exit [ 3, true ]
